Start testing: Jun 13 00:21 IDT
----------------------------------------------------------
1/2 Testing: NoArguments
1/2 Test: NoArguments
Command: "/home/alex/corecpp_cmake/corecpp_cmake_talk/code/04-testing-with-cmake/01-no-framework-build/test/unit_tests" "1"
Directory: /home/alex/corecpp_cmake/corecpp_cmake_talk/code/04-testing-with-cmake/01-no-framework-build/test
"NoArguments" start time: Jun 13 00:21 IDT
Output:
----------------------------------------------------------
<end of output>
Test time =   0.00 sec
----------------------------------------------------------
Test Passed.
"NoArguments" end time: Jun 13 00:21 IDT
"NoArguments" time elapsed: 00:00:00
----------------------------------------------------------

2/2 Testing: VariadicArguments
2/2 Test: VariadicArguments
Command: "/home/alex/corecpp_cmake/corecpp_cmake_talk/code/04-testing-with-cmake/01-no-framework-build/test/unit_tests" "2"
Directory: /home/alex/corecpp_cmake/corecpp_cmake_talk/code/04-testing-with-cmake/01-no-framework-build/test
"VariadicArguments" start time: Jun 13 00:21 IDT
Output:
----------------------------------------------------------
<end of output>
Test time =   0.00 sec
----------------------------------------------------------
Test Passed.
"VariadicArguments" end time: Jun 13 00:21 IDT
"VariadicArguments" time elapsed: 00:00:00
----------------------------------------------------------

End testing: Jun 13 00:21 IDT
